<?xml version="1.0" encoding="UTF-8"?>
<!-- Generated by org.testng.reporters.JUnitReportReporter -->
<testsuite skipped="0" hostname="MYDear-PC" name="com.bluesky.test.smoke.SimpleUnitTest" tests="1" failures="0" timestamp="11 Aug 2018 05:44:28 GMT" time="7.516" errors="0">
  <testcase name="testApp" time="7.516" classname="com.bluesky.test.smoke.SimpleUnitTest"/>
</testsuite> <!-- com.bluesky.test.smoke.SimpleUnitTest -->
