<?xml version="1.0" encoding="UTF-8"?>
<!-- Generated by org.testng.reporters.JUnitReportReporter -->
<testsuite skipped="0" hostname="MYDear-PC" name="com.bluesky.test.smoke.TestLoginS187654" tests="1" failures="0" timestamp="18 Aug 2018 04:26:56 GMT" time="4.228" errors="0">
  <testcase name="testLoginInvalidTC197543" time="4.228" classname="com.bluesky.test.smoke.TestLoginS187654"/>
</testsuite> <!-- com.bluesky.test.smoke.TestLoginS187654 -->
