<?xml version="1.0" encoding="UTF-8"?>
<!-- Generated by org.testng.reporters.JUnitReportReporter -->
<testsuite skipped="0" hostname="MYDear-PC" name="com.bluesky.test.smoke.SimpleUnitTest" tests="1" failures="0" timestamp="18 Aug 2018 04:26:56 GMT" time="6.449" errors="0">
  <testcase name="testApp" time="6.449" classname="com.bluesky.test.smoke.SimpleUnitTest"/>
</testsuite> <!-- com.bluesky.test.smoke.SimpleUnitTest -->
